.F..........
======================================================================
FAIL: test_print_empty_tree (__main__.TestCommandline)
----------------------------------------------------------------------
Traceback (most recent call last):
  File "/stud/cslec/209/marking/grading/a1/marking_scripts/test_helpers.py", line 193, in _t
    self.assertEqual(returncode, expected_status)
AssertionError: -11 != 0

----------------------------------------------------------------------
Ran 12 tests in 0.722s

FAILED (failures=1)
